<?xml version="1.0" encoding="utf-8"?><testsuites name="pytest tests"><testsuite name="pytest" errors="0" failures="0" skipped="0" tests="24" time="4.019" timestamp="2026-06-30T07:19:48.437864+00:00" hostname="agent-env-4cad24a8-32b5-4ec6-bf1a-6137f81a97a8"><testcase classname="backend.tests.test_presence_sip_reports.TestAuthRegression" name="test_admin_login" time="0.232" /><testcase classname="backend.tests.test_presence_sip_reports.TestAuthRegression" name="test_agent_login" time="0.230" /><testcase classname="backend.tests.test_presence_sip_reports.TestAuthRegression" name="test_me_admin" time="0.003" /><testcase classname="backend.tests.test_presence_sip_reports.TestSettings" name="test_get_settings_requires_auth" time="0.002" /><testcase classname="backend.tests.test_presence_sip_reports.TestSettings" name="test_get_settings_returns_expected_keys" time="0.003" /><testcase classname="backend.tests.test_presence_sip_reports.TestSettings" name="test_patch_settings_non_admin_403" time="0.002" /><testcase classname="backend.tests.test_presence_sip_reports.TestSettings" name="test_patch_settings_admin_updates" time="0.019" /><testcase classname="backend.tests.test_presence_sip_reports.TestAgents" name="test_list_agents" time="0.003" /><testcase classname="backend.tests.test_presence_sip_reports.TestAgents" name="test_heartbeat" time="0.003" /><testcase classname="backend.tests.test_presence_sip_reports.TestAgents" name="test_presence_online_returns_zero_reassigned" time="0.003" /><testcase classname="backend.tests.test_presence_sip_reports.TestRoundRobinRedistribution" name="test_round_robin_flow" time="0.027" /><testcase classname="backend.tests.test_presence_sip_reports.TestManualTransferStrategy" name="test_manual_transfer_requires_transfer_to" time="0.007" /><testcase classname="backend.tests.test_presence_sip_reports.TestManualTransferStrategy" name="test_manual_transfer_with_valid_target" time="0.021" /><testcase classname="backend.tests.test_presence_sip_reports.TestFallbackStrategy" name="test_fallback" time="0.022" /><testcase classname="backend.tests.test_presence_sip_reports.TestStayStrategy" name="test_stay" time="0.017" /><testcase classname="backend.tests.test_presence_sip_reports.TestSipWebhook" name="test_sip_missing_secret_returns_401" time="0.002" /><testcase classname="backend.tests.test_presence_sip_reports.TestSipWebhook" name="test_sip_creates_ticket" time="2.600" /><testcase classname="backend.tests.test_presence_sip_reports.TestIvr" name="test_ivr_event_records" time="0.013" /><testcase classname="backend.tests.test_presence_sip_reports.TestIvr" name="test_ivr_agent_availability" time="0.007" /><testcase classname="backend.tests.test_presence_sip_reports.TestReportsXlsx" name="test_admin_xlsx_download" time="0.394" /><testcase classname="backend.tests.test_presence_sip_reports.TestReportsXlsx" name="test_xlsx_with_filters" time="0.011" /><testcase classname="backend.tests.test_presence_sip_reports.TestReportsXlsx" name="test_agent_xlsx_scoped" time="0.162" /><testcase classname="backend.tests.test_presence_sip_reports.TestTicketRegression" name="test_tickets_list" time="0.005" /><testcase classname="backend.tests.test_presence_sip_reports.TestTicketRegression" name="test_issue_types" time="0.003" /></testsuite></testsuites>